WARNING 2026-04-19 06:12:08,320 utils Usuario autenticado con SHA1 legacy. Necesita migración de contraseńa.
WARNING 2026-04-19 06:12:09,714 utils Usuario autenticado con SHA1 legacy. Necesita migración de contraseńa.
WARNING 2026-04-19 06:12:10,752 middleware Acceso no autorizado a /inicio/
WARNING 2026-04-19 06:12:38,080 utils Usuario autenticado con SHA1 legacy. Necesita migración de contraseńa.
WARNING 2026-04-19 06:12:39,499 utils Usuario autenticado con SHA1 legacy. Necesita migración de contraseńa.
WARNING 2026-04-19 06:12:40,548 middleware Acceso no autorizado a /inicio/
WARNING 2026-04-19 06:13:58,124 views Intento de login fallido para usuario: anthony
ERROR 2026-04-19 06:17:15,614 context Error while parsing CSS file
Traceback (most recent call last):
  File "C:\Users\USER\OneDrive\Desktop\Nueva carpeta\AmbienteDesarrolloPython\venv\Lib\site-packages\xhtml2pdf\context.py", line 519, in parseExternal
    result = self.parse(cssFile.getData())
  File "C:\Users\USER\OneDrive\Desktop\Nueva carpeta\AmbienteDesarrolloPython\venv\Lib\site-packages\xhtml2pdf\w3c\cssParser.py", line 458, in parse
    src, stylesheet = self._parseStylesheet(src)
                      ~~~~~~~~~~~~~~~~~~~~~^^^^^
  File "C:\Users\USER\OneDrive\Desktop\Nueva carpeta\AmbienteDesarrolloPython\venv\Lib\site-packages\xhtml2pdf\w3c\cssParser.py", line 566, in _parseStylesheet
    src, ruleset = self._parseRuleset(src)
                   ~~~~~~~~~~~~~~~~~~^^^^^
  File "C:\Users\USER\OneDrive\Desktop\Nueva carpeta\AmbienteDesarrolloPython\venv\Lib\site-packages\xhtml2pdf\w3c\cssParser.py", line 918, in _parseRuleset
    src, selectors = self._parseSelectorGroup(src)
                     ~~~~~~~~~~~~~~~~~~~~~~~~^^^^^
  File "C:\Users\USER\OneDrive\Desktop\Nueva carpeta\AmbienteDesarrolloPython\venv\Lib\site-packages\xhtml2pdf\w3c\cssParser.py", line 928, in _parseSelectorGroup
    src, selector = self._parseSelector(src)
                    ~~~~~~~~~~~~~~~~~~~^^^^^
  File "C:\Users\USER\OneDrive\Desktop\Nueva carpeta\AmbienteDesarrolloPython\venv\Lib\site-packages\xhtml2pdf\w3c\cssParser.py", line 942, in _parseSelector
    src, selector = self._parseSimpleSelector(src)
                    ~~~~~~~~~~~~~~~~~~~~~~~~~^^^^^
  File "C:\Users\USER\OneDrive\Desktop\Nueva carpeta\AmbienteDesarrolloPython\venv\Lib\site-packages\xhtml2pdf\w3c\cssParser.py", line 999, in _parseSimpleSelector
    src, selector = self._parseSelectorPseudo(src, selector)
                    ~~~~~~~~~~~~~~~~~~~~~~~~~^^^^^^^^^^^^^^^
  File "C:\Users\USER\OneDrive\Desktop\Nueva carpeta\AmbienteDesarrolloPython\venv\Lib\site-packages\xhtml2pdf\w3c\cssParser.py", line 1080, in _parseSelectorPseudo
    raise self.ParseError(msg, src, ctxsrc)
xhtml2pdf.w3c.cssParser.CSSParseError: Selector Pseudo Function closing ')' not found:: (':not(', ':focus-visible){outl')
WARNING 2026-04-19 06:23:31,138 utils Usuario autenticado con SHA1 legacy. Necesita migración de contraseńa.
WARNING 2026-04-19 06:23:32,558 utils Usuario autenticado con SHA1 legacy. Necesita migración de contraseńa.
WARNING 2026-04-19 06:23:33,610 middleware Acceso no autorizado a /inicio/
WARNING 2026-04-19 06:24:09,964 utils Usuario autenticado con SHA1 legacy. Necesita migración de contraseńa.
WARNING 2026-04-19 06:24:11,367 utils Usuario autenticado con SHA1 legacy. Necesita migración de contraseńa.
WARNING 2026-04-19 06:24:12,436 middleware Acceso no autorizado a /inicio/
WARNING 2026-04-19 06:24:39,689 utils Usuario autenticado con SHA1 legacy. Necesita migración de contraseńa.
WARNING 2026-04-19 06:24:41,084 utils Usuario autenticado con SHA1 legacy. Necesita migración de contraseńa.
WARNING 2026-04-19 06:24:42,119 middleware Acceso no autorizado a /inicio/
WARNING 2026-04-19 06:31:21,138 views Intento de login fallido para usuario: anthony
ERROR 2026-04-19 06:32:30,494 context Error while parsing CSS file
Traceback (most recent call last):
  File "C:\Users\USER\OneDrive\Desktop\Nueva carpeta\AmbienteDesarrolloPython\venv\Lib\site-packages\xhtml2pdf\context.py", line 519, in parseExternal
    result = self.parse(cssFile.getData())
  File "C:\Users\USER\OneDrive\Desktop\Nueva carpeta\AmbienteDesarrolloPython\venv\Lib\site-packages\xhtml2pdf\w3c\cssParser.py", line 458, in parse
    src, stylesheet = self._parseStylesheet(src)
                      ~~~~~~~~~~~~~~~~~~~~~^^^^^
  File "C:\Users\USER\OneDrive\Desktop\Nueva carpeta\AmbienteDesarrolloPython\venv\Lib\site-packages\xhtml2pdf\w3c\cssParser.py", line 566, in _parseStylesheet
    src, ruleset = self._parseRuleset(src)
                   ~~~~~~~~~~~~~~~~~~^^^^^
  File "C:\Users\USER\OneDrive\Desktop\Nueva carpeta\AmbienteDesarrolloPython\venv\Lib\site-packages\xhtml2pdf\w3c\cssParser.py", line 918, in _parseRuleset
    src, selectors = self._parseSelectorGroup(src)
                     ~~~~~~~~~~~~~~~~~~~~~~~~^^^^^
  File "C:\Users\USER\OneDrive\Desktop\Nueva carpeta\AmbienteDesarrolloPython\venv\Lib\site-packages\xhtml2pdf\w3c\cssParser.py", line 928, in _parseSelectorGroup
    src, selector = self._parseSelector(src)
                    ~~~~~~~~~~~~~~~~~~~^^^^^
  File "C:\Users\USER\OneDrive\Desktop\Nueva carpeta\AmbienteDesarrolloPython\venv\Lib\site-packages\xhtml2pdf\w3c\cssParser.py", line 942, in _parseSelector
    src, selector = self._parseSimpleSelector(src)
                    ~~~~~~~~~~~~~~~~~~~~~~~~~^^^^^
  File "C:\Users\USER\OneDrive\Desktop\Nueva carpeta\AmbienteDesarrolloPython\venv\Lib\site-packages\xhtml2pdf\w3c\cssParser.py", line 999, in _parseSimpleSelector
    src, selector = self._parseSelectorPseudo(src, selector)
                    ~~~~~~~~~~~~~~~~~~~~~~~~~^^^^^^^^^^^^^^^
  File "C:\Users\USER\OneDrive\Desktop\Nueva carpeta\AmbienteDesarrolloPython\venv\Lib\site-packages\xhtml2pdf\w3c\cssParser.py", line 1080, in _parseSelectorPseudo
    raise self.ParseError(msg, src, ctxsrc)
xhtml2pdf.w3c.cssParser.CSSParseError: Selector Pseudo Function closing ')' not found:: (':not(', ':focus-visible){outl')
WARNING 2026-04-19 06:45:13,786 utils Usuario autenticado con SHA1 legacy. Necesita migración de contraseńa.
WARNING 2026-04-19 06:45:15,225 utils Usuario autenticado con SHA1 legacy. Necesita migración de contraseńa.
WARNING 2026-04-19 06:45:16,276 middleware Acceso no autorizado a /inicio/
WARNING 2026-04-19 06:45:44,170 utils Usuario autenticado con SHA1 legacy. Necesita migración de contraseńa.
WARNING 2026-04-19 06:45:45,611 utils Usuario autenticado con SHA1 legacy. Necesita migración de contraseńa.
WARNING 2026-04-19 06:45:46,672 middleware Acceso no autorizado a /inicio/
WARNING 2026-04-19 06:49:29,822 utils Usuario autenticado con SHA1 legacy. Necesita migración de contraseńa.
WARNING 2026-04-19 06:49:31,242 utils Usuario autenticado con SHA1 legacy. Necesita migración de contraseńa.
WARNING 2026-04-19 06:49:32,294 middleware Acceso no autorizado a /inicio/
WARNING 2026-04-19 06:49:59,685 utils Usuario autenticado con SHA1 legacy. Necesita migración de contraseńa.
WARNING 2026-04-19 06:50:01,100 utils Usuario autenticado con SHA1 legacy. Necesita migración de contraseńa.
WARNING 2026-04-19 06:50:02,149 middleware Acceso no autorizado a /inicio/
ERROR 2026-04-19 12:21:41,086 form_file Error en formulario de archivo
ERROR 2026-04-19 12:21:53,743 form_file Error en formulario de archivo
ERROR 2026-04-19 12:47:42,732 form_file Error en formulario de archivo
WARNING 2026-04-19 13:06:14,401 utils Usuario autenticado con SHA1 legacy. Necesita migración de contraseńa.
WARNING 2026-04-19 13:06:15,784 utils Usuario autenticado con SHA1 legacy. Necesita migración de contraseńa.
WARNING 2026-04-19 13:06:16,821 middleware Acceso no autorizado a /inicio/
WARNING 2026-04-19 13:30:00,024 utils Usuario autenticado con SHA1 legacy. Necesita migración de contraseńa.
WARNING 2026-04-19 13:30:01,442 utils Usuario autenticado con SHA1 legacy. Necesita migración de contraseńa.
WARNING 2026-04-19 13:30:02,500 middleware Acceso no autorizado a /inicio/
ERROR 2026-04-19 14:19:42,885 context Error while parsing CSS file
Traceback (most recent call last):
  File "C:\Users\USER\OneDrive\Desktop\Nueva carpeta\AmbienteDesarrolloPython\venv\Lib\site-packages\xhtml2pdf\context.py", line 519, in parseExternal
    result = self.parse(cssFile.getData())
  File "C:\Users\USER\OneDrive\Desktop\Nueva carpeta\AmbienteDesarrolloPython\venv\Lib\site-packages\xhtml2pdf\w3c\cssParser.py", line 458, in parse
    src, stylesheet = self._parseStylesheet(src)
                      ~~~~~~~~~~~~~~~~~~~~~^^^^^
  File "C:\Users\USER\OneDrive\Desktop\Nueva carpeta\AmbienteDesarrolloPython\venv\Lib\site-packages\xhtml2pdf\w3c\cssParser.py", line 566, in _parseStylesheet
    src, ruleset = self._parseRuleset(src)
                   ~~~~~~~~~~~~~~~~~~^^^^^
  File "C:\Users\USER\OneDrive\Desktop\Nueva carpeta\AmbienteDesarrolloPython\venv\Lib\site-packages\xhtml2pdf\w3c\cssParser.py", line 918, in _parseRuleset
    src, selectors = self._parseSelectorGroup(src)
                     ~~~~~~~~~~~~~~~~~~~~~~~~^^^^^
  File "C:\Users\USER\OneDrive\Desktop\Nueva carpeta\AmbienteDesarrolloPython\venv\Lib\site-packages\xhtml2pdf\w3c\cssParser.py", line 928, in _parseSelectorGroup
    src, selector = self._parseSelector(src)
                    ~~~~~~~~~~~~~~~~~~~^^^^^
  File "C:\Users\USER\OneDrive\Desktop\Nueva carpeta\AmbienteDesarrolloPython\venv\Lib\site-packages\xhtml2pdf\w3c\cssParser.py", line 942, in _parseSelector
    src, selector = self._parseSimpleSelector(src)
                    ~~~~~~~~~~~~~~~~~~~~~~~~~^^^^^
  File "C:\Users\USER\OneDrive\Desktop\Nueva carpeta\AmbienteDesarrolloPython\venv\Lib\site-packages\xhtml2pdf\w3c\cssParser.py", line 999, in _parseSimpleSelector
    src, selector = self._parseSelectorPseudo(src, selector)
                    ~~~~~~~~~~~~~~~~~~~~~~~~~^^^^^^^^^^^^^^^
  File "C:\Users\USER\OneDrive\Desktop\Nueva carpeta\AmbienteDesarrolloPython\venv\Lib\site-packages\xhtml2pdf\w3c\cssParser.py", line 1080, in _parseSelectorPseudo
    raise self.ParseError(msg, src, ctxsrc)
xhtml2pdf.w3c.cssParser.CSSParseError: Selector Pseudo Function closing ')' not found:: (':not(', ':focus-visible){outl')
ERROR 2026-04-19 14:48:16,374 log Internal Server Error: /estudiantes_filtro/
Traceback (most recent call last):
  File "C:\Users\USER\OneDrive\Desktop\Nueva carpeta\AmbienteDesarrolloPython\venv\Lib\site-packages\django\core\handlers\exception.py", line 55, in inner
    response = get_response(request)
  File "C:\Users\USER\OneDrive\Desktop\Nueva carpeta\AmbienteDesarrolloPython\venv\Lib\site-packages\django\core\handlers\base.py", line 197, in _get_response
    response = wrapped_callback(request, *callback_args, **callback_kwargs)
  File "C:\Users\USER\OneDrive\Desktop\Nueva carpeta\AmbienteDesarrolloPython\sistemaAcademico\Apps\GestionAcademica\Controladores\Matriculacion\View_estudiante.py", line 58, in filtro_estudiantes
    return render(request, 'sistemaAcademico/Matriculacion/Estudiantes_filtros/Filtrar.html', cox)
  File "C:\Users\USER\OneDrive\Desktop\Nueva carpeta\AmbienteDesarrolloPython\venv\Lib\site-packages\django\shortcuts.py", line 25, in render
    content = loader.render_to_string(template_name, context, request, using=using)
  File "C:\Users\USER\OneDrive\Desktop\Nueva carpeta\AmbienteDesarrolloPython\venv\Lib\site-packages\django\template\loader.py", line 62, in render_to_string
    return template.render(context, request)
           ~~~~~~~~~~~~~~~^^^^^^^^^^^^^^^^^^
  File "C:\Users\USER\OneDrive\Desktop\Nueva carpeta\AmbienteDesarrolloPython\venv\Lib\site-packages\django\template\backends\django.py", line 107, in render
    return self.template.render(context)
           ~~~~~~~~~~~~~~~~~~~~^^^^^^^^^
  File "C:\Users\USER\OneDrive\Desktop\Nueva carpeta\AmbienteDesarrolloPython\venv\Lib\site-packages\django\template\base.py", line 171, in render
    return self._render(context)
           ~~~~~~~~~~~~^^^^^^^^^
  File "C:\Users\USER\OneDrive\Desktop\Nueva carpeta\AmbienteDesarrolloPython\venv\Lib\site-packages\django\template\base.py", line 163, in _render
    return self.nodelist.render(context)
           ~~~~~~~~~~~~~~~~~~~~^^^^^^^^^
  File "C:\Users\USER\OneDrive\Desktop\Nueva carpeta\AmbienteDesarrolloPython\venv\Lib\site-packages\django\template\base.py", line 1008, in render
    return SafeString("".join([node.render_annotated(context) for node in self]))
                               ~~~~~~~~~~~~~~~~~~~~~^^^^^^^^^
  File "C:\Users\USER\OneDrive\Desktop\Nueva carpeta\AmbienteDesarrolloPython\venv\Lib\site-packages\django\template\base.py", line 969, in render_annotated
    return self.render(context)
           ~~~~~~~~~~~^^^^^^^^^
  File "C:\Users\USER\OneDrive\Desktop\Nueva carpeta\AmbienteDesarrolloPython\venv\Lib\site-packages\django\template\loader_tags.py", line 159, in render
    return compiled_parent._render(context)
           ~~~~~~~~~~~~~~~~~~~~~~~^^^^^^^^^
  File "C:\Users\USER\OneDrive\Desktop\Nueva carpeta\AmbienteDesarrolloPython\venv\Lib\site-packages\django\template\base.py", line 163, in _render
    return self.nodelist.render(context)
           ~~~~~~~~~~~~~~~~~~~~^^^^^^^^^
  File "C:\Users\USER\OneDrive\Desktop\Nueva carpeta\AmbienteDesarrolloPython\venv\Lib\site-packages\django\template\base.py", line 1008, in render
    return SafeString("".join([node.render_annotated(context) for node in self]))
                               ~~~~~~~~~~~~~~~~~~~~~^^^^^^^^^
  File "C:\Users\USER\OneDrive\Desktop\Nueva carpeta\AmbienteDesarrolloPython\venv\Lib\site-packages\django\template\base.py", line 969, in render_annotated
    return self.render(context)
           ~~~~~~~~~~~^^^^^^^^^
  File "C:\Users\USER\OneDrive\Desktop\Nueva carpeta\AmbienteDesarrolloPython\venv\Lib\site-packages\django\template\loader_tags.py", line 65, in render
    result = block.nodelist.render(context)
  File "C:\Users\USER\OneDrive\Desktop\Nueva carpeta\AmbienteDesarrolloPython\venv\Lib\site-packages\django\template\base.py", line 1008, in render
    return SafeString("".join([node.render_annotated(context) for node in self]))
                               ~~~~~~~~~~~~~~~~~~~~~^^^^^^^^^
  File "C:\Users\USER\OneDrive\Desktop\Nueva carpeta\AmbienteDesarrolloPython\venv\Lib\site-packages\django\template\base.py", line 969, in render_annotated
    return self.render(context)
           ~~~~~~~~~~~^^^^^^^^^
  File "C:\Users\USER\OneDrive\Desktop\Nueva carpeta\AmbienteDesarrolloPython\venv\Lib\site-packages\django\template\defaulttags.py", line 243, in render
    nodelist.append(node.render_annotated(context))
                    ~~~~~~~~~~~~~~~~~~~~~^^^^^^^^^
  File "C:\Users\USER\OneDrive\Desktop\Nueva carpeta\AmbienteDesarrolloPython\venv\Lib\site-packages\django\template\base.py", line 969, in render_annotated
    return self.render(context)
           ~~~~~~~~~~~^^^^^^^^^
  File "C:\Users\USER\OneDrive\Desktop\Nueva carpeta\AmbienteDesarrolloPython\venv\Lib\site-packages\django\template\defaulttags.py", line 480, in render
    url = reverse(view_name, args=args, kwargs=kwargs, current_app=current_app)
  File "C:\Users\USER\OneDrive\Desktop\Nueva carpeta\AmbienteDesarrolloPython\venv\Lib\site-packages\django\urls\base.py", line 88, in reverse
    return resolver._reverse_with_prefix(view, prefix, *args, **kwargs)
           ~~~~~~~~~~~~~~~~~~~~~~~~~~~~~^^^^^^^^^^^^^^^^^^^^^^^^^^^^^^^
  File "C:\Users\USER\OneDrive\Desktop\Nueva carpeta\AmbienteDesarrolloPython\venv\Lib\site-packages\django\urls\resolvers.py", line 831, in _reverse_with_prefix
    raise NoReverseMatch(msg)
django.urls.exceptions.NoReverseMatch: Reverse for 'tipo_estudiantes' with arguments '('',)' not found. 1 pattern(s) tried: ['tipo_estudiantes/(?P<pk>[0-9]+)\\Z']
WARNING 2026-04-19 15:06:24,961 views Intento de login fallido para usuario: anthony
WARNING 2026-04-19 16:15:07,798 middleware Acceso no autorizado a /.well-known/appspecific/com.chrome.devtools.json
